644
644
3
644
644
644
3
646
1
645
655
644
1
3
644
646
644
644
647
5
11
1
644
2
644
644
22
13
645
644
646
1
4
2
2
644
644
644
3
1
2
644
1
644
1
644
644
1
1
656
644
2
651
2
644
3
648
644
649
1
3
6
1
10
2
6
644
3
1
2
644
1
1
1
3
4
644
656
2
9
1
1
647
3
9
645
645
645
644
646
646
4
645
1
644
644
2
645
644
1
644
3
644
1
644
644
644
644
1
2
1
645
645
644
644
1
1
644
646
1
2
644
644
644
644
1
644
644
1
1
645
1
644
645
645
1
2
4
1
3
1
644
644
648
1
644
644
646
655
644
644
3
3
1
648
644
651
644
646
644
646
648
6
655
644
2
644
646
644
1
644
645
1
1
6
647
644
3
644
646
8
1
2
644
644
644
650
644
645
1
644
645
1
1
645
644
646
644
3
1
1
645
1
644
6
644
644
2
645
1
644
644
648
3
644
646
644
1
11
645
644
1
647
2
5
2
644
2
1
1
644
648
1
647
1
3
645
644
645
1
10
14
4
644
5
644
13
645
1
3
2
644
644
1
648
4
644
644
3
644
647
647
1
646
1
644
644
4
1
2
11
3
2
646
1
650
644
1
646
655
644
644
1
8
644
646
648
1
644
644
1
1
2
644
652
651
5
645
16
644
644
1
644
3
644
644
649
9
1
645
655
644
2
645
645
2
1
2
1
644
644
644
1
5
644
644
644
644
644
4
1
644
644
644
644
647
3
644
646
2
1
644
1
645
644
644
644
648
644
1
644
15
645
644
644
1
2
1
1
645
644
2
644
644
1
648
646
644
3
2
644
6
644
1
650
1
644
648
3
2
1
644
6
1
645
645
644
1
646
644
2
7
644
2
3
644
1
644
2
644
5
644
644
1
644
644
647
7
645
644
644
1
16
3
644
1
2
1
1
1
644
644
647
1
645
648
1
2
1
644
647
2
645
664
644
644
644
645
644
644
644
644
1
644
654
644
644
659
1
644
1
1
2
8
644
4
644
646
1
1
17
644
644
7
9
644
1
1
1
1
1
644
644
647
647
647
645
647
644
646
644
647
645
644
2
1
644
647
644
644
1
644
5
645
645
644
1
646
2
646
9
644
2
644
4
1
1
645
1
1
1
648
1
649
2
1
644
644
644
1
2
1
645
1
654
1
644
10
644
1
4
645
1
6
644
2
1
644
4
644
1
4
647
6
1
644
1
645
1
656
1
644
1
644
1
644
648
644
644
1
644
1
1
644
645
1
13
644
646
1
3
644
644
644
644
644
650
1
645
645
2
6
1
2
2
1
644
2
1
644
3
1
648
644
650
8
644
1
8
647
644
1
644
5
644
1
644
644
662
644
644
645
645
1
644
1
1
1
649
2
644
644
644
1
1
1
644
645
645
1
8
1
649
1
644
644
646
644
644
1
644
644
646
644
644
645
1
3
652
645
2
645
645
645
644
644
1
644
644
644
1
1
3
648
1
2
644
1
645
658
648
644
1
644
1
644
644
644
2
1
644
644
2
644
1
644
2
645
645
647
1
644
646
644
644
644
2
1
648
645
644
645
3
645
644
3
647
1
644
644
647
644
652
647
4
645
645
651
647
1
2
644
648
2
645
644
644
644
1
1
644
1
644
1
645
644
2
2
645
644
644
1
644
1
4
645
644
1
645
644
648
644
7
644
1
644
649
2
2
644
644
9
2
650
1
1
644
1
2
1
5
1
2
17
649
1
8
644
2
1
649
644
644
644
1
2
1
644
5
644
1
644
646
1
1
649
644
1
645
2
644
644
644
644
10
645
644
644
644
649
644
11
644
644
646
2
644
1
647
2
2
645
2
1
3
649
645
645
644
644
644
647
644
647
1
652
1
644
645
644
3
645
1
644
644
644
2
10
1
4
646
9
1
644
644
644
648
1
648
5
646
644
644
644
1
644
2
1
644
2
644
2
2
644
1
1
656
3
644
14
652
644
646
644
645
646
644